<?xml version="1.0" encoding="UTF-8"?>
<testsuite xmlns:xsi="http://www.w3.org/2001/XMLSchema-instance" xsi:noNamespaceSchemaLocation="https://maven.apache.org/surefire/maven-surefire-plugin/xsd/surefire-test-report-3.0.xsd" version="3.0" name="com.infinitpages.TestDAO" time="0.471" tests="4" errors="0" skipped="0" failures="0">
  <properties>
[...]
</properties>
  <testcase name="testDocumentCRUD" classname="com.infinitpages.TestDAO" time="0.09">
    <system-out><![CDATA[🔧 Initialisation des tests DAO...
✅ Pool de connexions initialisé
✅ Connexion à la base de données réussie
✅ DAO initialisés

📖 Test 3: CRUD Document
✅ Document créé avec ID: 1
✅ Document trouvé par ID
✅ Recherche de document fonctionne
✅ Document supprimé
]]></system-out>
    <system-err><![CDATA[[main] INFO com.zaxxer.hikari.HikariDataSource - InfinitPagesPool - Starting...
[main] INFO com.zaxxer.hikari.pool.HikariPool - InfinitPagesPool - Added connection com.mysql.cj.jdbc.ConnectionImpl@65f8f5ae
[main] INFO com.zaxxer.hikari.HikariDataSource - InfinitPagesPool - Start completed.
[main] INFO com.infinitpages.util.db.DatabaseConnection - Database connection pool initialized successfully!
[main] INFO com.infinitpages.util.db.DatabaseConnection - Pool name: InfinitPagesPool
[main] INFO com.infinitpages.util.db.DatabaseConnection - Maximum pool size: 10
[main] INFO com.infinitpages.util.db.DatabaseConnection - Minimum idle: 5
]]></system-err>
  </testcase>
  <testcase name="testFindUtilisateurByEmail" classname="com.infinitpages.TestDAO" time="0.027">
    <system-out><![CDATA[
🔍 Test 4: Recherche Utilisateur par email
✅ Utilisateur trouvé par email
]]></system-out>
  </testcase>
  <testcase name="testUtilisateurCRUD" classname="com.infinitpages.TestDAO" time="0.012">
    <system-out><![CDATA[
👤 Test 1: CRUD Utilisateur
✅ Utilisateur créé avec ID: 2
✅ Utilisateur trouvé par ID
✅ Utilisateur mis à jour
✅ Utilisateur supprimé
]]></system-out>
  </testcase>
  <testcase name="testCategorieCRUD" classname="com.infinitpages.TestDAO" time="0.008">
    <system-out><![CDATA[
📚 Test 2: CRUD Categorie
✅ Catégorie créée avec ID: 2
✅ Catégorie trouvée par ID
✅ Catégorie trouvée par nom
✅ Catégorie supprimée
]]></system-out>
  </testcase>
</testsuite>